c:\users\megan\documents\school\spring22\cis660\atool\cubicstylization\cubicstylization\x64\debug\vc142.pdb
c:\users\megan\documents\school\spring22\cis660\atool\cubicstylization\cubicstylization\x64\debug\vc142.idb
c:\users\megan\documents\school\spring22\cis660\atool\cubicstylization\cubicstylization\x64\debug\pluginmain.obj
c:\users\megan\documents\school\spring22\cis660\atool\cubicstylization\cubicstylization\x64\debug\cggtnode.obj
c:\users\megan\documents\school\spring22\cis660\atool\cubicstylization\cubicstylization\x64\debug\cggtcmd.obj
c:\users\megan\documents\school\spring22\cis660\atool\cubicstylization\x64\debug\cubicstylization.lib
c:\users\megan\documents\school\spring22\cis660\atool\cubicstylization\x64\debug\cubicstylization.exp
c:\users\megan\documents\school\spring22\cis660\atool\cubicstylization\x64\debug\cubicstylization.mll
c:\users\megan\documents\school\spring22\cis660\atool\cubicstylization\cubicstylization\x64\debug\cubicstylization.ilk
c:\users\megan\documents\school\spring22\cis660\atool\cubicstylization\x64\debug\cubicstylization.pdb
c:\users\missygl\documents\atool\cggt\cubicstylization\cubicstylization\x64\debug\cggtcmd.obj
c:\users\missygl\documents\atool\cggt\cubicstylization\cubicstylization\x64\debug\cggtnode.obj
c:\users\missygl\documents\atool\cggt\cubicstylization\cubicstylization\x64\debug\pluginmain.obj
c:\users\missygl\documents\atool\cggt\cubicstylization\cubicstylization\x64\debug\cubicstylization.ilk
c:\users\missygl\documents\atool\cggt\cubicstylization\cubicstylization\x64\debug\vc142.idb
c:\users\missygl\documents\atool\cggt\cubicstylization\cubicstylization\x64\debug\vc142.pdb
c:\users\missygl\documents\atool\cggt\cubicstylization\x64\debug\cubicstylization.pdb
c:\users\missygl\documents\atool\cggt\cubicstylization\x64\debug\cubicstylization.mll
c:\users\missygl\documents\atool\cggt\cubicstylization\cubicstylization\x64\debug\cubicstylization.tlog\cl.command.1.tlog
c:\users\missygl\documents\atool\cggt\cubicstylization\cubicstylization\x64\debug\cubicstylization.tlog\cl.read.1.tlog
c:\users\missygl\documents\atool\cggt\cubicstylization\cubicstylization\x64\debug\cubicstylization.tlog\cl.write.1.tlog
c:\users\missygl\documents\atool\cggt\cubicstylization\cubicstylization\x64\debug\cubicstylization.tlog\cubicstylization.write.1u.tlog
c:\users\missygl\documents\atool\cggt\cubicstylization\cubicstylization\x64\debug\cubicstylization.tlog\link.command.1.tlog
c:\users\missygl\documents\atool\cggt\cubicstylization\cubicstylization\x64\debug\cubicstylization.tlog\link.read.1.tlog
c:\users\missygl\documents\atool\cggt\cubicstylization\cubicstylization\x64\debug\cubicstylization.tlog\link.write.1.tlog
